<?xml version="1.0" encoding="UTF-8"?>
<testsuite xmlns:xsi="http://www.w3.org/2001/XMLSchema-instance" xsi:noNamespaceSchemaLocation="https://maven.apache.org/surefire/maven-surefire-plugin/xsd/surefire-test-report.xsd" name="tom.sros.item.ItemDatabaseJUnitTest" time="0.802" tests="80" errors="0" skipped="0" failures="0">
  <properties>
[...]
</properties>
  <testcase name="unSortedBoxesTableExist" classname="tom.sros.item.ItemDatabaseJUnitTest" time="0.016"/>
  <testcase name="boxLocationTableExist" classname="tom.sros.item.ItemDatabaseJUnitTest" time="0.002"/>
  <testcase name="boxTypeTableExist" classname="tom.sros.item.ItemDatabaseJUnitTest" time="0.003"/>
  <testcase name="orderListTableExist" classname="tom.sros.item.ItemDatabaseJUnitTest" time="0.003"/>
  <testcase name="emptySpaceTableExist" classname="tom.sros.item.ItemDatabaseJUnitTest" time="0.003"/>
  <testcase name="testNameInsert" classname="tom.sros.item.ItemDatabaseJUnitTest" time="0.013"/>
  <testcase name="testHeightInsert" classname="tom.sros.item.ItemDatabaseJUnitTest" time="0.003"/>
  <testcase name="testContentsInsert" classname="tom.sros.item.ItemDatabaseJUnitTest" time="0.002"/>
  <testcase name="testLengthInsert" classname="tom.sros.item.ItemDatabaseJUnitTest" time="0.003"/>
  <testcase name="testIdInsert" classname="tom.sros.item.ItemDatabaseJUnitTest" time="0.002"/>
  <testcase name="testNotesInsert" classname="tom.sros.item.ItemDatabaseJUnitTest" time="0.002"/>
  <testcase name="testWidthInsert" classname="tom.sros.item.ItemDatabaseJUnitTest" time="0.002"/>
  <testcase name="testGetBoxTypeInformationHeight" classname="tom.sros.item.ItemDatabaseJUnitTest" time="0.002"/>
  <testcase name="testGetBoxTypeInformationLength" classname="tom.sros.item.ItemDatabaseJUnitTest" time="0.003"/>
  <testcase name="testGetBoxTypeInformationWidth" classname="tom.sros.item.ItemDatabaseJUnitTest" time="0.002"/>
  <testcase name="testGetDisplayBoxTypeInformationContentses" classname="tom.sros.item.ItemDatabaseJUnitTest" time="0.006"/>
  <testcase name="testGetDisplayBoxTypeInformationNotes" classname="tom.sros.item.ItemDatabaseJUnitTest" time="0.004"/>
  <testcase name="testGetDisplayBoxTypeInformationNamess" classname="tom.sros.item.ItemDatabaseJUnitTest" time="0.003"/>
  <testcase name="testGetDisplayBoxTypeInformationWidths" classname="tom.sros.item.ItemDatabaseJUnitTest" time="0.003"/>
  <testcase name="testGetDisplayBoxTypeInformationIDs" classname="tom.sros.item.ItemDatabaseJUnitTest" time="0.004"/>
  <testcase name="testGetDisplayBoxTypeInformationLengths" classname="tom.sros.item.ItemDatabaseJUnitTest" time="0.003"/>
  <testcase name="testGetDisplayBoxTypeInformationHeights" classname="tom.sros.item.ItemDatabaseJUnitTest" time="0.004"/>
  <testcase name="testNonRemovedBox" classname="tom.sros.item.ItemDatabaseJUnitTest" time="0.003"/>
  <testcase name="testIDCheckMatch" classname="tom.sros.item.ItemDatabaseJUnitTest" time="0.002"/>
  <testcase name="testIDCheckFail" classname="tom.sros.item.ItemDatabaseJUnitTest" time="0.004"/>
  <testcase name="testRemoveBox" classname="tom.sros.item.ItemDatabaseJUnitTest" time="0.008"/>
  <testcase name="testAddLocation" classname="tom.sros.item.ItemDatabaseJUnitTest" time="0.017"/>
  <testcase name="testGetBoxLocationDisplayName" classname="tom.sros.item.ItemDatabaseJUnitTest" time="0.004"/>
  <testcase name="testGetBoxLocationDisplayXPos" classname="tom.sros.item.ItemDatabaseJUnitTest" time="0.003"/>
  <testcase name="testGetBoxLocationDisplayYPos" classname="tom.sros.item.ItemDatabaseJUnitTest" time="0.003"/>
  <testcase name="testGetBoxLocationDisplayZPos" classname="tom.sros.item.ItemDatabaseJUnitTest" time="0.003"/>
  <testcase name="testGetMostRecentSortedBox" classname="tom.sros.item.ItemDatabaseJUnitTest" time="0.001"/>
  <testcase name="testGetBoxLocationDisplayBin" classname="tom.sros.item.ItemDatabaseJUnitTest" time="0.003"/>
  <testcase name="testGetBoxLocationDisplayID" classname="tom.sros.item.ItemDatabaseJUnitTest" time="0.003"/>
  <testcase name="testReplaceBoxRemoved" classname="tom.sros.item.ItemDatabaseJUnitTest" time="0.024"/>
  <testcase name="testReplaceEmptSpaceAdded" classname="tom.sros.item.ItemDatabaseJUnitTest" time="0.002"/>
  <testcase name="testAddEmptySpace" classname="tom.sros.item.ItemDatabaseJUnitTest" time="0.007"/>
  <testcase name="testAddGetEmptySpacesBin" classname="tom.sros.item.ItemDatabaseJUnitTest" time="0.003"/>
  <testcase name="testAddGetEmptySpacesHeight" classname="tom.sros.item.ItemDatabaseJUnitTest" time="0.003"/>
  <testcase name="testAddGetEmptySpacesLength" classname="tom.sros.item.ItemDatabaseJUnitTest" time="0.004"/>
  <testcase name="testAddGetEmptySpacesWidth" classname="tom.sros.item.ItemDatabaseJUnitTest" time="0.003"/>
  <testcase name="testAddGetEmptySpacesXPos" classname="tom.sros.item.ItemDatabaseJUnitTest" time="0.003"/>
  <testcase name="testAddGetEmptySpacesYPos" classname="tom.sros.item.ItemDatabaseJUnitTest" time="0.002"/>
  <testcase name="testAddGetEmptySpacesZPos" classname="tom.sros.item.ItemDatabaseJUnitTest" time="0.002"/>
  <testcase name="testDeleteBoxLocation" classname="tom.sros.item.ItemDatabaseJUnitTest" time="0.007"/>
  <testcase name="testRemoveAndGetEmptySpace" classname="tom.sros.item.ItemDatabaseJUnitTest" time="0.006"/>
  <testcase name="tesgetRemovedEmptySpace" classname="tom.sros.item.ItemDatabaseJUnitTest" time="0.011"/>
  <testcase name="testAddOrderInformation" classname="tom.sros.item.ItemDatabaseJUnitTest" time="0.019"/>
  <testcase name="testGetOrderInformationDisplayName" classname="tom.sros.item.ItemDatabaseJUnitTest" time="0.002"/>
  <testcase name="testGetOrderInformationDisplayBoxID" classname="tom.sros.item.ItemDatabaseJUnitTest" time="0.002"/>
  <testcase name="testGetOrderInformationDisplayBin" classname="tom.sros.item.ItemDatabaseJUnitTest" time="0.003"/>
  <testcase name="testGetOrderInformationDisplayX" classname="tom.sros.item.ItemDatabaseJUnitTest" time="0.002"/>
  <testcase name="testGetOrderInformationDisplayY" classname="tom.sros.item.ItemDatabaseJUnitTest" time="0.002"/>
  <testcase name="testGetOrderInformationDisplayZ" classname="tom.sros.item.ItemDatabaseJUnitTest" time="0.003"/>
  <testcase name="testGetOrderInformationDisplayOrderID" classname="tom.sros.item.ItemDatabaseJUnitTest" time="0.002"/>
  <testcase name="testGetOrderInformationDisplayAddress" classname="tom.sros.item.ItemDatabaseJUnitTest" time="0.002"/>
  <testcase name="testGetExistingBoxes" classname="tom.sros.item.ItemDatabaseJUnitTest" time="0.02"/>
  <testcase name="TestgetExistingBoxesHeight" classname="tom.sros.item.ItemDatabaseJUnitTest" time="0.005"/>
  <testcase name="TestgetExistingBoxesLength" classname="tom.sros.item.ItemDatabaseJUnitTest" time="0.003"/>
  <testcase name="TestgetExistingBoxesX" classname="tom.sros.item.ItemDatabaseJUnitTest" time="0.003"/>
  <testcase name="TestgetExistingBoxesY" classname="tom.sros.item.ItemDatabaseJUnitTest" time="0.003"/>
  <testcase name="TestgetExistingBoxesZ" classname="tom.sros.item.ItemDatabaseJUnitTest" time="0.004"/>
  <testcase name="TestgetExistingBoxesWidth" classname="tom.sros.item.ItemDatabaseJUnitTest" time="0.003"/>
  <testcase name="TestgetExistingBoxesID" classname="tom.sros.item.ItemDatabaseJUnitTest" time="0.003"/>
  <testcase name="testGetSpecificExistingBoxDimensionsHeight" classname="tom.sros.item.ItemDatabaseJUnitTest" time="0.002"/>
  <testcase name="testGetSpecificExistingBoxDimensionsLength" classname="tom.sros.item.ItemDatabaseJUnitTest" time="0.002"/>
  <testcase name="testGetSpecificExistingBoxDimensionsWidth" classname="tom.sros.item.ItemDatabaseJUnitTest" time="0.004"/>
  <testcase name="blockRepeatingBoxEntryNotExist" classname="tom.sros.item.ItemDatabaseJUnitTest" time="0.003"/>
  <testcase name="blockRepeatingBoxEntryExists" classname="tom.sros.item.ItemDatabaseJUnitTest" time="0.002"/>
  <testcase name="testGetOrderBoxID" classname="tom.sros.item.ItemDatabaseJUnitTest" time="0.002"/>
  <testcase name="testGetOrderBoxBin" classname="tom.sros.item.ItemDatabaseJUnitTest" time="0.002"/>
  <testcase name="testGetOrderBoxX" classname="tom.sros.item.ItemDatabaseJUnitTest" time="0.002"/>
  <testcase name="testGetOrderBoxY" classname="tom.sros.item.ItemDatabaseJUnitTest" time="0.003"/>
  <testcase name="testGetOrderBoxZ" classname="tom.sros.item.ItemDatabaseJUnitTest" time="0.002"/>
  <testcase name="testDeleteStoredOrder" classname="tom.sros.item.ItemDatabaseJUnitTest" time="0.008"/>
  <testcase name="testAddGetUnsortedID" classname="tom.sros.item.ItemDatabaseJUnitTest" time="0.019"/>
  <testcase name="testGetUnsortedBoxDisplay" classname="tom.sros.item.ItemDatabaseJUnitTest" time="0.003"/>
  <testcase name="testClearBoxLocationDataEmptySpace" classname="tom.sros.item.ItemDatabaseJUnitTest" time="0.019"/>
  <testcase name="testClearBoxLocationDataLocation" classname="tom.sros.item.ItemDatabaseJUnitTest" time="0.002"/>
  <testcase name="testEmptyUnsortedTable" classname="tom.sros.item.ItemDatabaseJUnitTest" time="0.007"/>
</testsuite>