<?xml version="1.0" encoding="UTF-8"?>
<testsuite xmlns:xsi="http://www.w3.org/2001/XMLSchema-instance" xsi:noNamespaceSchemaLocation="https://maven.apache.org/surefire/maven-surefire-plugin/xsd/surefire-test-report.xsd" name="tom.sros.logIn.UserDatabaseJUnitTest" time="0.027" tests="5" errors="0" skipped="0" failures="0">
  <properties>
[...]
</properties>
  <testcase name="userTableExist" classname="tom.sros.logIn.UserDatabaseJUnitTest" time="0.006"/>
  <testcase name="defaultUserExist" classname="tom.sros.logIn.UserDatabaseJUnitTest" time="0.001"/>
  <testcase name="testPopulate" classname="tom.sros.logIn.UserDatabaseJUnitTest" time="0.013"/>
  <testcase name="logInCheckTestMatch" classname="tom.sros.logIn.UserDatabaseJUnitTest" time="0.001"/>
  <testcase name="logInCheckTestMiss" classname="tom.sros.logIn.UserDatabaseJUnitTest" time="0.001"/>
</testsuite>