<?xml version="1.0" encoding="UTF-8"?>
<testsuite xmlns:xsi="http://www.w3.org/2001/XMLSchema-instance" xsi:noNamespaceSchemaLocation="https://maven.apache.org/surefire/maven-surefire-plugin/xsd/surefire-test-report.xsd" name="tom.sros.item.ItemDatabaseJUnitTest" time="0.312" tests="13" errors="0" skipped="0" failures="0">
  <properties>
[...]
</properties>
  <testcase name="testNameInsert" classname="tom.sros.item.ItemDatabaseJUnitTest" time="0.012"/>
  <testcase name="testHeightInsert" classname="tom.sros.item.ItemDatabaseJUnitTest" time="0.001"/>
  <testcase name="testContentsInsert" classname="tom.sros.item.ItemDatabaseJUnitTest" time="0.002"/>
  <testcase name="boxLocationTableExist" classname="tom.sros.item.ItemDatabaseJUnitTest" time="0.004"/>
  <testcase name="boxTypeTableExist" classname="tom.sros.item.ItemDatabaseJUnitTest" time="0.002"/>
  <testcase name="testLengthInsert" classname="tom.sros.item.ItemDatabaseJUnitTest" time="0.001"/>
  <testcase name="testIdInsert" classname="tom.sros.item.ItemDatabaseJUnitTest" time="0.001"/>
  <testcase name="orderListTableExist" classname="tom.sros.item.ItemDatabaseJUnitTest" time="0.001"/>
  <testcase name="testNotesInsert" classname="tom.sros.item.ItemDatabaseJUnitTest" time="0.001"/>
  <testcase name="testWidthInsert" classname="tom.sros.item.ItemDatabaseJUnitTest" time="0.001"/>
  <testcase name="testIDCheckMatch" classname="tom.sros.item.ItemDatabaseJUnitTest" time="0.002"/>
  <testcase name="testIDCheckFail" classname="tom.sros.item.ItemDatabaseJUnitTest" time="0.001"/>
  <testcase name="testRemoveBox" classname="tom.sros.item.ItemDatabaseJUnitTest" time="0.007"/>
</testsuite>