<?xml version="1.0" encoding="UTF-8"?>
<testsuite xmlns:xsi="http://www.w3.org/2001/XMLSchema-instance" xsi:noNamespaceSchemaLocation="https://maven.apache.org/surefire/maven-surefire-plugin/xsd/surefire-test-report.xsd" name="tom.sros.sorter.newAlgorithmJUnitTest" time="0.382" tests="22" errors="0" skipped="0" failures="0">
  <properties>
[...]
</properties>
  <testcase name="testPerfectFitX" classname="tom.sros.sorter.newAlgorithmJUnitTest" time="0.048"/>
  <testcase name="testPerfectFitY" classname="tom.sros.sorter.newAlgorithmJUnitTest" time="0.001"/>
  <testcase name="testPerfectFitZ" classname="tom.sros.sorter.newAlgorithmJUnitTest" time="0.001"/>
  <testcase name="testPerfectFitID" classname="tom.sros.sorter.newAlgorithmJUnitTest" time="0.001"/>
  <testcase name="testRemoveItem" classname="tom.sros.sorter.newAlgorithmJUnitTest" time="0.014"/>
  <testcase name="testReAddBoxes" classname="tom.sros.sorter.newAlgorithmJUnitTest" time="0.226"/>
  <testcase name="testBoxesReAddedX" classname="tom.sros.sorter.newAlgorithmJUnitTest" time="0"/>
  <testcase name="testBoxesReAddedY" classname="tom.sros.sorter.newAlgorithmJUnitTest" time="0"/>
  <testcase name="testBoxesReAddedZ" classname="tom.sros.sorter.newAlgorithmJUnitTest" time="0"/>
  <testcase name="testBoxesReAddedBin" classname="tom.sros.sorter.newAlgorithmJUnitTest" time="0"/>
  <testcase name="testAddOrdersToDB" classname="tom.sros.sorter.newAlgorithmJUnitTest" time="0.003"/>
  <testcase name="testAddOrdersToDBID" classname="tom.sros.sorter.newAlgorithmJUnitTest" time="0"/>
  <testcase name="testAddOrdersToDBAddress" classname="tom.sros.sorter.newAlgorithmJUnitTest" time="0"/>
  <testcase name="testAddOrdersToDBCustName" classname="tom.sros.sorter.newAlgorithmJUnitTest" time="0"/>
  <testcase name="testAddOrdersToDBBin" classname="tom.sros.sorter.newAlgorithmJUnitTest" time="0"/>
  <testcase name="testAddOrdersToDBX" classname="tom.sros.sorter.newAlgorithmJUnitTest" time="0"/>
  <testcase name="testAddOrdersToDBY" classname="tom.sros.sorter.newAlgorithmJUnitTest" time="0"/>
  <testcase name="testAddOrdersToDBZ" classname="tom.sros.sorter.newAlgorithmJUnitTest" time="0"/>
  <testcase name="testRemoveStoredOrder" classname="tom.sros.sorter.newAlgorithmJUnitTest" time="0"/>
  <testcase name="testOrderEmptySpaceX" classname="tom.sros.sorter.newAlgorithmJUnitTest" time="0"/>
  <testcase name="testOrderEmptySpaceY" classname="tom.sros.sorter.newAlgorithmJUnitTest" time="0"/>
  <testcase name="testOrderEmptySpaceZ" classname="tom.sros.sorter.newAlgorithmJUnitTest" time="0"/>
</testsuite>